<?xml version="1.0" encoding="UTF-8"?>
<!-- Generated by org.testng.reporters.JUnitXMLReporter -->
<testsuite hostname="DESKTOP-EF36299" ignored="0" name="Default test" tests="5" failures="0" timestamp="2020-12-29T20:13:52 IST" time="178.966" errors="0">
  <testcase name="Testcase1" time="66.919" classname="SDET_Appium.Mobile_assessment_new.Hybridclass"/>
  <testcase name="TC2" time="25.053" classname="SDET_Appium.Mobile_assessment_new.Hybridclass"/>
  <testcase name="TC3" time="18.004" classname="SDET_Appium.Mobile_assessment_new.Hybridclass"/>
  <testcase name="TC4" time="31.043" classname="SDET_Appium.Mobile_assessment_new.Hybridclass"/>
  <testcase name="Tc5" time="37.873" classname="SDET_Appium.Mobile_assessment_new.Hybridclass"/>
</testsuite> <!-- Default test -->
