<?xml version="1.0" encoding="UTF-8"?>
<!-- Generated by org.testng.reporters.JUnitXMLReporter -->
<testsuite hostname="DESKTOP-EF36299" ignored="0" name="Test" tests="5" failures="0" timestamp="2020-12-30T13:27:24 IST" time="183.726" errors="0">
  <testcase name="Testcase1" time="70.09" classname="SDET_Appium.Mobile_assessment_new.Hybridclass"/>
  <testcase name="TC2" time="26.472" classname="SDET_Appium.Mobile_assessment_new.Hybridclass"/>
  <testcase name="TC3" time="17.229" classname="SDET_Appium.Mobile_assessment_new.Hybridclass"/>
  <testcase name="TC4" time="31.548" classname="SDET_Appium.Mobile_assessment_new.Hybridclass"/>
  <testcase name="Tc5" time="38.249" classname="SDET_Appium.Mobile_assessment_new.Hybridclass"/>
</testsuite> <!-- Test -->
