<?xml version="1.0" encoding="UTF-8"?>
<!-- Generated by org.testng.reporters.JUnitXMLReporter -->
<testsuite hostname="DESKTOP-EF36299" ignored="0" name="Test" tests="5" failures="0" timestamp="2020-12-31T17:19:10 IST" time="196.74" errors="0">
  <testcase name="Testcase1" time="87.132" classname="SDET_Appium.Mobile_assessment_new.Hybridclass"/>
  <testcase name="TC2" time="24.772" classname="SDET_Appium.Mobile_assessment_new.Hybridclass"/>
  <testcase name="TC3" time="17.901" classname="SDET_Appium.Mobile_assessment_new.Hybridclass"/>
  <testcase name="TC4" time="30.66" classname="SDET_Appium.Mobile_assessment_new.Hybridclass"/>
  <testcase name="Tc5" time="36.21" classname="SDET_Appium.Mobile_assessment_new.Hybridclass"/>
</testsuite> <!-- Test -->
