<?xml version="1.0" encoding="UTF-8"?>
<testng-results skipped="0" failed="0" ignored="0" total="5" passed="5">
  <reporter-output>
  </reporter-output>
  <suite name="Suite" duration-ms="183726" started-at="2020-12-30T13:24:21 IST" finished-at="2020-12-30T13:27:24 IST">
    <groups>
    </groups>
    <test name="Test" duration-ms="183726" started-at="2020-12-30T13:24:21 IST" finished-at="2020-12-30T13:27:24 IST">
      <class name="SDET_Appium.Mobile_assessment_new.Hybridclass">
        <test-method status="PASS" signature="Testcase1()[pri:0, instance:SDET_Appium.Mobile_assessment_new.Hybridclass@8646db9]" name="Testcase1" duration-ms="70090" started-at="2020-12-30T13:24:21 IST" finished-at="2020-12-30T13:25:31 IST">
          <reporter-output>
          </reporter-output>
        </test-method> <!-- Testcase1 -->
        <test-method status="PASS" signature="TC2()[pri:1, instance:SDET_Appium.Mobile_assessment_new.Hybridclass@8646db9]" name="TC2" duration-ms="26472" started-at="2020-12-30T13:25:31 IST" finished-at="2020-12-30T13:25:57 IST">
          <reporter-output>
          </reporter-output>
        </test-method> <!-- TC2 -->
        <test-method status="PASS" signature="TC3()[pri:2, instance:SDET_Appium.Mobile_assessment_new.Hybridclass@8646db9]" name="TC3" duration-ms="17229" started-at="2020-12-30T13:25:57 IST" finished-at="2020-12-30T13:26:15 IST">
          <reporter-output>
          </reporter-output>
        </test-method> <!-- TC3 -->
        <test-method status="PASS" signature="TC4()[pri:3, instance:SDET_Appium.Mobile_assessment_new.Hybridclass@8646db9]" name="TC4" duration-ms="31548" started-at="2020-12-30T13:26:15 IST" finished-at="2020-12-30T13:26:46 IST">
          <reporter-output>
          </reporter-output>
        </test-method> <!-- TC4 -->
        <test-method status="PASS" signature="Tc5()[pri:4, instance:SDET_Appium.Mobile_assessment_new.Hybridclass@8646db9]" name="Tc5" duration-ms="38249" started-at="2020-12-30T13:26:46 IST" finished-at="2020-12-30T13:27:24 IST">
          <reporter-output>
          </reporter-output>
        </test-method> <!-- Tc5 -->
        <test-method status="PASS" signature="close()[pri:0, instance:SDET_Appium.Mobile_assessment_new.Hybridclass@8646db9]" name="close" is-config="true" duration-ms="2" started-at="2020-12-30T13:27:24 IST" finished-at="2020-12-30T13:27:24 IST">
          <reporter-output>
          </reporter-output>
        </test-method> <!-- close -->
      </class> <!-- SDET_Appium.Mobile_assessment_new.Hybridclass -->
    </test> <!-- Test -->
  </suite> <!-- Suite -->
</testng-results>
